running egg_info
creating ../../build/box_frontend/box_frontend.egg-info
writing ../../build/box_frontend/box_frontend.egg-info/PKG-INFO
writing dependency_links to ../../build/box_frontend/box_frontend.egg-info/dependency_links.txt
writing entry points to ../../build/box_frontend/box_frontend.egg-info/entry_points.txt
writing requirements to ../../build/box_frontend/box_frontend.egg-info/requires.txt
writing top-level names to ../../build/box_frontend/box_frontend.egg-info/top_level.txt
writing manifest file '../../build/box_frontend/box_frontend.egg-info/SOURCES.txt'
reading manifest file '../../build/box_frontend/box_frontend.egg-info/SOURCES.txt'
writing manifest file '../../build/box_frontend/box_frontend.egg-info/SOURCES.txt'
running build
running build_py
creating /home/pedroromero/telemetria_eracing/ros2_telemetria/build/box_frontend/build
creating /home/pedroromero/telemetria_eracing/ros2_telemetria/build/box_frontend/build/lib
creating /home/pedroromero/telemetria_eracing/ros2_telemetria/build/box_frontend/build/lib/box_frontend
copying box_frontend/__init__.py -> /home/pedroromero/telemetria_eracing/ros2_telemetria/build/box_frontend/build/lib/box_frontend
copying box_frontend/box_frontend.py -> /home/pedroromero/telemetria_eracing/ros2_telemetria/build/box_frontend/build/lib/box_frontend
running install
running install_lib
creating /home/pedroromero/telemetria_eracing/ros2_telemetria/install/box_frontend/lib/python3.10/site-packages/box_frontend
copying /home/pedroromero/telemetria_eracing/ros2_telemetria/build/box_frontend/build/lib/box_frontend/__init__.py -> /home/pedroromero/telemetria_eracing/ros2_telemetria/install/box_frontend/lib/python3.10/site-packages/box_frontend
copying /home/pedroromero/telemetria_eracing/ros2_telemetria/build/box_frontend/build/lib/box_frontend/box_frontend.py -> /home/pedroromero/telemetria_eracing/ros2_telemetria/install/box_frontend/lib/python3.10/site-packages/box_frontend
byte-compiling /home/pedroromero/telemetria_eracing/ros2_telemetria/install/box_frontend/lib/python3.10/site-packages/box_frontend/__init__.py to __init__.cpython-310.pyc
byte-compiling /home/pedroromero/telemetria_eracing/ros2_telemetria/install/box_frontend/lib/python3.10/site-packages/box_frontend/box_frontend.py to box_frontend.cpython-310.pyc
running install_data
creating /home/pedroromero/telemetria_eracing/ros2_telemetria/install/box_frontend/share/ament_index
creating /home/pedroromero/telemetria_eracing/ros2_telemetria/install/box_frontend/share/ament_index/resource_index
creating /home/pedroromero/telemetria_eracing/ros2_telemetria/install/box_frontend/share/ament_index/resource_index/packages
copying resource/box_frontend -> /home/pedroromero/telemetria_eracing/ros2_telemetria/install/box_frontend/share/ament_index/resource_index/packages
copying package.xml -> /home/pedroromero/telemetria_eracing/ros2_telemetria/install/box_frontend/share/box_frontend
running install_egg_info
Copying ../../build/box_frontend/box_frontend.egg-info to /home/pedroromero/telemetria_eracing/ros2_telemetria/install/box_frontend/lib/python3.10/site-packages/box_frontend-0.0.0-py3.10.egg-info
running install_scripts
Installing box_frontend script to /home/pedroromero/telemetria_eracing/ros2_telemetria/install/box_frontend/lib/box_frontend
writing list of installed files to '/home/pedroromero/telemetria_eracing/ros2_telemetria/build/box_frontend/install.log'
