[0.469s] Invoking command in '/home/pedroromero/telemetria_eracing/ros2_telemetria/src/box_frontend': PYTHONPATH=/home/pedroromero/telemetria_eracing/ros2_telemetria/build/box_frontend/prefix_override:/usr/lib/python3/dist-packages/colcon_core/task/python/colcon_distutils_commands:/home/pedroromero/telemetria_eracing/ros2_telemetria/install/box_frontend/lib/python3.10/site-packages:${PYTHONPATH} /usr/bin/python3 -W ignore:setup.py install is deprecated -W ignore:easy_install command is deprecated setup.py egg_info --egg-base ../../build/box_frontend build --build-base /home/pedroromero/telemetria_eracing/ros2_telemetria/build/box_frontend/build install --record /home/pedroromero/telemetria_eracing/ros2_telemetria/build/box_frontend/install.log --single-version-externally-managed install_data
[0.598s] running egg_info
[0.599s] creating ../../build/box_frontend/box_frontend.egg-info
[0.599s] writing ../../build/box_frontend/box_frontend.egg-info/PKG-INFO
[0.599s] writing dependency_links to ../../build/box_frontend/box_frontend.egg-info/dependency_links.txt
[0.599s] writing entry points to ../../build/box_frontend/box_frontend.egg-info/entry_points.txt
[0.599s] writing requirements to ../../build/box_frontend/box_frontend.egg-info/requires.txt
[0.599s] writing top-level names to ../../build/box_frontend/box_frontend.egg-info/top_level.txt
[0.599s] writing manifest file '../../build/box_frontend/box_frontend.egg-info/SOURCES.txt'
[0.600s] reading manifest file '../../build/box_frontend/box_frontend.egg-info/SOURCES.txt'
[0.600s] writing manifest file '../../build/box_frontend/box_frontend.egg-info/SOURCES.txt'
[0.600s] running build
[0.600s] running build_py
[0.601s] creating /home/pedroromero/telemetria_eracing/ros2_telemetria/build/box_frontend/build
[0.601s] creating /home/pedroromero/telemetria_eracing/ros2_telemetria/build/box_frontend/build/lib
[0.601s] creating /home/pedroromero/telemetria_eracing/ros2_telemetria/build/box_frontend/build/lib/box_frontend
[0.601s] copying box_frontend/__init__.py -> /home/pedroromero/telemetria_eracing/ros2_telemetria/build/box_frontend/build/lib/box_frontend
[0.601s] copying box_frontend/box_frontend.py -> /home/pedroromero/telemetria_eracing/ros2_telemetria/build/box_frontend/build/lib/box_frontend
[0.601s] running install
[0.601s] running install_lib
[0.601s] creating /home/pedroromero/telemetria_eracing/ros2_telemetria/install/box_frontend/lib/python3.10/site-packages/box_frontend
[0.601s] copying /home/pedroromero/telemetria_eracing/ros2_telemetria/build/box_frontend/build/lib/box_frontend/__init__.py -> /home/pedroromero/telemetria_eracing/ros2_telemetria/install/box_frontend/lib/python3.10/site-packages/box_frontend
[0.601s] copying /home/pedroromero/telemetria_eracing/ros2_telemetria/build/box_frontend/build/lib/box_frontend/box_frontend.py -> /home/pedroromero/telemetria_eracing/ros2_telemetria/install/box_frontend/lib/python3.10/site-packages/box_frontend
[0.601s] byte-compiling /home/pedroromero/telemetria_eracing/ros2_telemetria/install/box_frontend/lib/python3.10/site-packages/box_frontend/__init__.py to __init__.cpython-310.pyc
[0.601s] byte-compiling /home/pedroromero/telemetria_eracing/ros2_telemetria/install/box_frontend/lib/python3.10/site-packages/box_frontend/box_frontend.py to box_frontend.cpython-310.pyc
[0.603s] running install_data
[0.603s] creating /home/pedroromero/telemetria_eracing/ros2_telemetria/install/box_frontend/share/ament_index
[0.603s] creating /home/pedroromero/telemetria_eracing/ros2_telemetria/install/box_frontend/share/ament_index/resource_index
[0.603s] creating /home/pedroromero/telemetria_eracing/ros2_telemetria/install/box_frontend/share/ament_index/resource_index/packages
[0.603s] copying resource/box_frontend -> /home/pedroromero/telemetria_eracing/ros2_telemetria/install/box_frontend/share/ament_index/resource_index/packages
[0.604s] copying package.xml -> /home/pedroromero/telemetria_eracing/ros2_telemetria/install/box_frontend/share/box_frontend
[0.604s] running install_egg_info
[0.606s] Copying ../../build/box_frontend/box_frontend.egg-info to /home/pedroromero/telemetria_eracing/ros2_telemetria/install/box_frontend/lib/python3.10/site-packages/box_frontend-0.0.0-py3.10.egg-info
[0.606s] running install_scripts
[0.619s] Installing box_frontend script to /home/pedroromero/telemetria_eracing/ros2_telemetria/install/box_frontend/lib/box_frontend
[0.619s] writing list of installed files to '/home/pedroromero/telemetria_eracing/ros2_telemetria/build/box_frontend/install.log'
[0.636s] Invoked command in '/home/pedroromero/telemetria_eracing/ros2_telemetria/src/box_frontend' returned '0': PYTHONPATH=/home/pedroromero/telemetria_eracing/ros2_telemetria/build/box_frontend/prefix_override:/usr/lib/python3/dist-packages/colcon_core/task/python/colcon_distutils_commands:/home/pedroromero/telemetria_eracing/ros2_telemetria/install/box_frontend/lib/python3.10/site-packages:${PYTHONPATH} /usr/bin/python3 -W ignore:setup.py install is deprecated -W ignore:easy_install command is deprecated setup.py egg_info --egg-base ../../build/box_frontend build --build-base /home/pedroromero/telemetria_eracing/ros2_telemetria/build/box_frontend/build install --record /home/pedroromero/telemetria_eracing/ros2_telemetria/build/box_frontend/install.log --single-version-externally-managed install_data
