running egg_info
creating ../../build/box_backend/box_backend.egg-info
writing ../../build/box_backend/box_backend.egg-info/PKG-INFO
writing dependency_links to ../../build/box_backend/box_backend.egg-info/dependency_links.txt
writing entry points to ../../build/box_backend/box_backend.egg-info/entry_points.txt
writing requirements to ../../build/box_backend/box_backend.egg-info/requires.txt
writing top-level names to ../../build/box_backend/box_backend.egg-info/top_level.txt
writing manifest file '../../build/box_backend/box_backend.egg-info/SOURCES.txt'
reading manifest file '../../build/box_backend/box_backend.egg-info/SOURCES.txt'
writing manifest file '../../build/box_backend/box_backend.egg-info/SOURCES.txt'
running build
running build_py
creating /home/pedroromero/telemetria_eracing/ros2_telemetria_backend/build/box_backend/build
creating /home/pedroromero/telemetria_eracing/ros2_telemetria_backend/build/box_backend/build/lib
creating /home/pedroromero/telemetria_eracing/ros2_telemetria_backend/build/box_backend/build/lib/box_backend
copying box_backend/__init__.py -> /home/pedroromero/telemetria_eracing/ros2_telemetria_backend/build/box_backend/build/lib/box_backend
copying box_backend/box_telemetria.py -> /home/pedroromero/telemetria_eracing/ros2_telemetria_backend/build/box_backend/build/lib/box_backend
running install
running install_lib
creating /home/pedroromero/telemetria_eracing/ros2_telemetria_backend/install/box_backend/lib/python3.10/site-packages/box_backend
copying /home/pedroromero/telemetria_eracing/ros2_telemetria_backend/build/box_backend/build/lib/box_backend/__init__.py -> /home/pedroromero/telemetria_eracing/ros2_telemetria_backend/install/box_backend/lib/python3.10/site-packages/box_backend
copying /home/pedroromero/telemetria_eracing/ros2_telemetria_backend/build/box_backend/build/lib/box_backend/box_telemetria.py -> /home/pedroromero/telemetria_eracing/ros2_telemetria_backend/install/box_backend/lib/python3.10/site-packages/box_backend
byte-compiling /home/pedroromero/telemetria_eracing/ros2_telemetria_backend/install/box_backend/lib/python3.10/site-packages/box_backend/__init__.py to __init__.cpython-310.pyc
byte-compiling /home/pedroromero/telemetria_eracing/ros2_telemetria_backend/install/box_backend/lib/python3.10/site-packages/box_backend/box_telemetria.py to box_telemetria.cpython-310.pyc
running install_data
creating /home/pedroromero/telemetria_eracing/ros2_telemetria_backend/install/box_backend/share/ament_index
creating /home/pedroromero/telemetria_eracing/ros2_telemetria_backend/install/box_backend/share/ament_index/resource_index
creating /home/pedroromero/telemetria_eracing/ros2_telemetria_backend/install/box_backend/share/ament_index/resource_index/packages
copying resource/box_backend -> /home/pedroromero/telemetria_eracing/ros2_telemetria_backend/install/box_backend/share/ament_index/resource_index/packages
copying package.xml -> /home/pedroromero/telemetria_eracing/ros2_telemetria_backend/install/box_backend/share/box_backend
running install_egg_info
Copying ../../build/box_backend/box_backend.egg-info to /home/pedroromero/telemetria_eracing/ros2_telemetria_backend/install/box_backend/lib/python3.10/site-packages/box_backend-0.0.0-py3.10.egg-info
running install_scripts
Installing box_telemetria script to /home/pedroromero/telemetria_eracing/ros2_telemetria_backend/install/box_backend/lib/box_backend
writing list of installed files to '/home/pedroromero/telemetria_eracing/ros2_telemetria_backend/build/box_backend/install.log'
