running egg_info
writing ../../build/box_backend/box_backend.egg-info/PKG-INFO
writing dependency_links to ../../build/box_backend/box_backend.egg-info/dependency_links.txt
writing entry points to ../../build/box_backend/box_backend.egg-info/entry_points.txt
writing requirements to ../../build/box_backend/box_backend.egg-info/requires.txt
writing top-level names to ../../build/box_backend/box_backend.egg-info/top_level.txt
reading manifest file '../../build/box_backend/box_backend.egg-info/SOURCES.txt'
writing manifest file '../../build/box_backend/box_backend.egg-info/SOURCES.txt'
running build
running build_py
copying box_backend/box_telemetria.py -> /home/pedroromero/telemetria_eracing/ros2_telemetria/build/box_backend/build/lib/box_backend
running install
running install_lib
copying /home/pedroromero/telemetria_eracing/ros2_telemetria/build/box_backend/build/lib/box_backend/box_telemetria.py -> /home/pedroromero/telemetria_eracing/ros2_telemetria/install/box_backend/lib/python3.10/site-packages/box_backend
byte-compiling /home/pedroromero/telemetria_eracing/ros2_telemetria/install/box_backend/lib/python3.10/site-packages/box_backend/box_telemetria.py to box_telemetria.cpython-310.pyc
running install_data
running install_egg_info
removing '/home/pedroromero/telemetria_eracing/ros2_telemetria/install/box_backend/lib/python3.10/site-packages/box_backend-0.0.0-py3.10.egg-info' (and everything under it)
Copying ../../build/box_backend/box_backend.egg-info to /home/pedroromero/telemetria_eracing/ros2_telemetria/install/box_backend/lib/python3.10/site-packages/box_backend-0.0.0-py3.10.egg-info
running install_scripts
Installing box_backend script to /home/pedroromero/telemetria_eracing/ros2_telemetria/install/box_backend/lib/box_backend
writing list of installed files to '/home/pedroromero/telemetria_eracing/ros2_telemetria/build/box_backend/install.log'
