[0.444s] Invoking command in '/home/pedroromero/telemetria_eracing/ros2_telemetria/src/box_frontend': PYTHONPATH=/home/pedroromero/telemetria_eracing/ros2_telemetria/build/box_frontend/prefix_override:/usr/lib/python3/dist-packages/colcon_core/task/python/colcon_distutils_commands:/home/pedroromero/telemetria_eracing/ros2_telemetria/install/box_frontend/lib/python3.10/site-packages:${PYTHONPATH} /usr/bin/python3 -W ignore:setup.py install is deprecated -W ignore:easy_install command is deprecated setup.py egg_info --egg-base ../../build/box_frontend build --build-base /home/pedroromero/telemetria_eracing/ros2_telemetria/build/box_frontend/build install --record /home/pedroromero/telemetria_eracing/ros2_telemetria/build/box_frontend/install.log --single-version-externally-managed install_data
[0.571s] running egg_info
[0.571s] writing ../../build/box_frontend/box_frontend.egg-info/PKG-INFO
[0.571s] writing dependency_links to ../../build/box_frontend/box_frontend.egg-info/dependency_links.txt
[0.571s] writing entry points to ../../build/box_frontend/box_frontend.egg-info/entry_points.txt
[0.571s] writing requirements to ../../build/box_frontend/box_frontend.egg-info/requires.txt
[0.571s] writing top-level names to ../../build/box_frontend/box_frontend.egg-info/top_level.txt
[0.572s] reading manifest file '../../build/box_frontend/box_frontend.egg-info/SOURCES.txt'
[0.573s] writing manifest file '../../build/box_frontend/box_frontend.egg-info/SOURCES.txt'
[0.573s] running build
[0.573s] running build_py
[0.573s] running install
[0.573s] running install_lib
[0.573s] running install_data
[0.573s] running install_egg_info
[0.574s] removing '/home/pedroromero/telemetria_eracing/ros2_telemetria/install/box_frontend/lib/python3.10/site-packages/box_frontend-0.0.0-py3.10.egg-info' (and everything under it)
[0.574s] Copying ../../build/box_frontend/box_frontend.egg-info to /home/pedroromero/telemetria_eracing/ros2_telemetria/install/box_frontend/lib/python3.10/site-packages/box_frontend-0.0.0-py3.10.egg-info
[0.575s] running install_scripts
[0.587s] Installing box_frontend script to /home/pedroromero/telemetria_eracing/ros2_telemetria/install/box_frontend/lib/box_frontend
[0.587s] writing list of installed files to '/home/pedroromero/telemetria_eracing/ros2_telemetria/build/box_frontend/install.log'
[0.605s] Invoked command in '/home/pedroromero/telemetria_eracing/ros2_telemetria/src/box_frontend' returned '0': PYTHONPATH=/home/pedroromero/telemetria_eracing/ros2_telemetria/build/box_frontend/prefix_override:/usr/lib/python3/dist-packages/colcon_core/task/python/colcon_distutils_commands:/home/pedroromero/telemetria_eracing/ros2_telemetria/install/box_frontend/lib/python3.10/site-packages:${PYTHONPATH} /usr/bin/python3 -W ignore:setup.py install is deprecated -W ignore:easy_install command is deprecated setup.py egg_info --egg-base ../../build/box_frontend build --build-base /home/pedroromero/telemetria_eracing/ros2_telemetria/build/box_frontend/build install --record /home/pedroromero/telemetria_eracing/ros2_telemetria/build/box_frontend/install.log --single-version-externally-managed install_data
