[0.308s] Invoking command in '/home/pedroromero/telemetria_eracing/ros2_telemetria_backend/src/box_backend': PYTHONPATH=/home/pedroromero/telemetria_eracing/ros2_telemetria_backend/build/box_backend/prefix_override:/usr/lib/python3/dist-packages/colcon_core/task/python/colcon_distutils_commands:/home/pedroromero/telemetria_eracing/ros2_telemetria_backend/install/box_backend/lib/python3.10/site-packages:${PYTHONPATH} /usr/bin/python3 -W ignore:setup.py install is deprecated -W ignore:easy_install command is deprecated setup.py egg_info --egg-base ../../build/box_backend build --build-base /home/pedroromero/telemetria_eracing/ros2_telemetria_backend/build/box_backend/build install --record /home/pedroromero/telemetria_eracing/ros2_telemetria_backend/build/box_backend/install.log --single-version-externally-managed install_data
[0.423s] running egg_info
[0.423s] writing ../../build/box_backend/box_backend.egg-info/PKG-INFO
[0.423s] writing dependency_links to ../../build/box_backend/box_backend.egg-info/dependency_links.txt
[0.423s] writing entry points to ../../build/box_backend/box_backend.egg-info/entry_points.txt
[0.423s] writing requirements to ../../build/box_backend/box_backend.egg-info/requires.txt
[0.423s] writing top-level names to ../../build/box_backend/box_backend.egg-info/top_level.txt
[0.424s] reading manifest file '../../build/box_backend/box_backend.egg-info/SOURCES.txt'
[0.424s] writing manifest file '../../build/box_backend/box_backend.egg-info/SOURCES.txt'
[0.425s] running build
[0.425s] running build_py
[0.425s] copying box_backend/box_telemetria.py -> /home/pedroromero/telemetria_eracing/ros2_telemetria_backend/build/box_backend/build/lib/box_backend
[0.425s] running install
[0.425s] running install_lib
[0.425s] copying /home/pedroromero/telemetria_eracing/ros2_telemetria_backend/build/box_backend/build/lib/box_backend/box_telemetria.py -> /home/pedroromero/telemetria_eracing/ros2_telemetria_backend/install/box_backend/lib/python3.10/site-packages/box_backend
[0.426s] byte-compiling /home/pedroromero/telemetria_eracing/ros2_telemetria_backend/install/box_backend/lib/python3.10/site-packages/box_backend/box_telemetria.py to box_telemetria.cpython-310.pyc
[0.427s] running install_data
[0.427s] running install_egg_info
[0.428s] removing '/home/pedroromero/telemetria_eracing/ros2_telemetria_backend/install/box_backend/lib/python3.10/site-packages/box_backend-0.0.0-py3.10.egg-info' (and everything under it)
[0.428s] Copying ../../build/box_backend/box_backend.egg-info to /home/pedroromero/telemetria_eracing/ros2_telemetria_backend/install/box_backend/lib/python3.10/site-packages/box_backend-0.0.0-py3.10.egg-info
[0.428s] running install_scripts
[0.441s] Installing box_telemetria script to /home/pedroromero/telemetria_eracing/ros2_telemetria_backend/install/box_backend/lib/box_backend
[0.442s] writing list of installed files to '/home/pedroromero/telemetria_eracing/ros2_telemetria_backend/build/box_backend/install.log'
[0.457s] Invoked command in '/home/pedroromero/telemetria_eracing/ros2_telemetria_backend/src/box_backend' returned '0': PYTHONPATH=/home/pedroromero/telemetria_eracing/ros2_telemetria_backend/build/box_backend/prefix_override:/usr/lib/python3/dist-packages/colcon_core/task/python/colcon_distutils_commands:/home/pedroromero/telemetria_eracing/ros2_telemetria_backend/install/box_backend/lib/python3.10/site-packages:${PYTHONPATH} /usr/bin/python3 -W ignore:setup.py install is deprecated -W ignore:easy_install command is deprecated setup.py egg_info --egg-base ../../build/box_backend build --build-base /home/pedroromero/telemetria_eracing/ros2_telemetria_backend/build/box_backend/build install --record /home/pedroromero/telemetria_eracing/ros2_telemetria_backend/build/box_backend/install.log --single-version-externally-managed install_data
