[0.295s] Invoking command in '/home/pedroromero/telemetria_eracing/ros2_telemetria_backend/src/box_backend': PYTHONPATH=/home/pedroromero/telemetria_eracing/ros2_telemetria_backend/build/box_backend/prefix_override:/usr/lib/python3/dist-packages/colcon_core/task/python/colcon_distutils_commands:/home/pedroromero/telemetria_eracing/ros2_telemetria_backend/install/box_backend/lib/python3.10/site-packages:${PYTHONPATH} /usr/bin/python3 -W ignore:setup.py install is deprecated -W ignore:easy_install command is deprecated setup.py egg_info --egg-base ../../build/box_backend build --build-base /home/pedroromero/telemetria_eracing/ros2_telemetria_backend/build/box_backend/build install --record /home/pedroromero/telemetria_eracing/ros2_telemetria_backend/build/box_backend/install.log --single-version-externally-managed install_data
[0.406s] running egg_info
[0.406s] creating ../../build/box_backend/box_backend.egg-info
[0.407s] writing ../../build/box_backend/box_backend.egg-info/PKG-INFO
[0.407s] writing dependency_links to ../../build/box_backend/box_backend.egg-info/dependency_links.txt
[0.407s] writing entry points to ../../build/box_backend/box_backend.egg-info/entry_points.txt
[0.407s] writing requirements to ../../build/box_backend/box_backend.egg-info/requires.txt
[0.407s] writing top-level names to ../../build/box_backend/box_backend.egg-info/top_level.txt
[0.407s] writing manifest file '../../build/box_backend/box_backend.egg-info/SOURCES.txt'
[0.408s] reading manifest file '../../build/box_backend/box_backend.egg-info/SOURCES.txt'
[0.408s] writing manifest file '../../build/box_backend/box_backend.egg-info/SOURCES.txt'
[0.408s] running build
[0.408s] running build_py
[0.408s] creating /home/pedroromero/telemetria_eracing/ros2_telemetria_backend/build/box_backend/build
[0.408s] creating /home/pedroromero/telemetria_eracing/ros2_telemetria_backend/build/box_backend/build/lib
[0.409s] creating /home/pedroromero/telemetria_eracing/ros2_telemetria_backend/build/box_backend/build/lib/box_backend
[0.409s] copying box_backend/__init__.py -> /home/pedroromero/telemetria_eracing/ros2_telemetria_backend/build/box_backend/build/lib/box_backend
[0.409s] copying box_backend/box_telemetria.py -> /home/pedroromero/telemetria_eracing/ros2_telemetria_backend/build/box_backend/build/lib/box_backend
[0.409s] running install
[0.409s] running install_lib
[0.409s] creating /home/pedroromero/telemetria_eracing/ros2_telemetria_backend/install/box_backend/lib/python3.10/site-packages/box_backend
[0.409s] copying /home/pedroromero/telemetria_eracing/ros2_telemetria_backend/build/box_backend/build/lib/box_backend/__init__.py -> /home/pedroromero/telemetria_eracing/ros2_telemetria_backend/install/box_backend/lib/python3.10/site-packages/box_backend
[0.409s] copying /home/pedroromero/telemetria_eracing/ros2_telemetria_backend/build/box_backend/build/lib/box_backend/box_telemetria.py -> /home/pedroromero/telemetria_eracing/ros2_telemetria_backend/install/box_backend/lib/python3.10/site-packages/box_backend
[0.409s] byte-compiling /home/pedroromero/telemetria_eracing/ros2_telemetria_backend/install/box_backend/lib/python3.10/site-packages/box_backend/__init__.py to __init__.cpython-310.pyc
[0.409s] byte-compiling /home/pedroromero/telemetria_eracing/ros2_telemetria_backend/install/box_backend/lib/python3.10/site-packages/box_backend/box_telemetria.py to box_telemetria.cpython-310.pyc
[0.409s]   File "/home/pedroromero/telemetria_eracing/ros2_telemetria_backend/install/box_backend/lib/python3.10/site-packages/box_backend/box_telemetria.py", line 16
[0.409s]     nome_log = f'log{datetime.now().strftime('%Y%m%d_%H%M%S')}.csv' #nome do arquivo de log de acordo com a data e hora
[0.409s]                                               ^
[0.409s] SyntaxError: f-string: unmatched '('
[0.410s] 
[0.410s] running install_data
[0.410s] creating /home/pedroromero/telemetria_eracing/ros2_telemetria_backend/install/box_backend/share/ament_index
[0.410s] creating /home/pedroromero/telemetria_eracing/ros2_telemetria_backend/install/box_backend/share/ament_index/resource_index
[0.410s] creating /home/pedroromero/telemetria_eracing/ros2_telemetria_backend/install/box_backend/share/ament_index/resource_index/packages
[0.410s] copying resource/box_backend -> /home/pedroromero/telemetria_eracing/ros2_telemetria_backend/install/box_backend/share/ament_index/resource_index/packages
[0.410s] copying package.xml -> /home/pedroromero/telemetria_eracing/ros2_telemetria_backend/install/box_backend/share/box_backend
[0.410s] running install_egg_info
[0.410s] Copying ../../build/box_backend/box_backend.egg-info to /home/pedroromero/telemetria_eracing/ros2_telemetria_backend/install/box_backend/lib/python3.10/site-packages/box_backend-0.0.0-py3.10.egg-info
[0.411s] running install_scripts
[0.422s] Installing box_telemetria script to /home/pedroromero/telemetria_eracing/ros2_telemetria_backend/install/box_backend/lib/box_backend
[0.422s] writing list of installed files to '/home/pedroromero/telemetria_eracing/ros2_telemetria_backend/build/box_backend/install.log'
[0.437s] Invoked command in '/home/pedroromero/telemetria_eracing/ros2_telemetria_backend/src/box_backend' returned '0': PYTHONPATH=/home/pedroromero/telemetria_eracing/ros2_telemetria_backend/build/box_backend/prefix_override:/usr/lib/python3/dist-packages/colcon_core/task/python/colcon_distutils_commands:/home/pedroromero/telemetria_eracing/ros2_telemetria_backend/install/box_backend/lib/python3.10/site-packages:${PYTHONPATH} /usr/bin/python3 -W ignore:setup.py install is deprecated -W ignore:easy_install command is deprecated setup.py egg_info --egg-base ../../build/box_backend build --build-base /home/pedroromero/telemetria_eracing/ros2_telemetria_backend/build/box_backend/build install --record /home/pedroromero/telemetria_eracing/ros2_telemetria_backend/build/box_backend/install.log --single-version-externally-managed install_data
