[0.057s] DEBUG:colcon:Command line arguments: ['/usr/bin/colcon', 'build']
[0.057s] DEBUG:colcon:Parsed command line arguments: Namespace(log_base=None, log_level=None, verb_name='build', build_base='build', install_base='install', merge_install=False, symlink_install=False, test_result_base=None, continue_on_error=False, executor='parallel', parallel_workers=12, event_handlers=None, ignore_user_meta=False, metas=['./colcon.meta'], base_paths=['.'], packages_ignore=None, packages_ignore_regex=None, paths=None, packages_up_to=None, packages_up_to_regex=None, packages_above=None, packages_above_and_dependencies=None, packages_above_depth=None, packages_select_by_dep=None, packages_skip_by_dep=None, packages_skip_up_to=None, packages_select_build_failed=False, packages_skip_build_finished=False, packages_select_test_failures=False, packages_skip_test_passed=False, packages_select=None, packages_skip=None, packages_select_regex=None, packages_skip_regex=None, packages_start=None, packages_end=None, allow_overriding=[], cmake_args=None, cmake_target=None, cmake_target_skip_unavailable=False, cmake_clean_cache=False, cmake_clean_first=False, cmake_force_configure=False, ament_cmake_args=None, catkin_cmake_args=None, catkin_skip_building_tests=False, verb_parser=<colcon_defaults.argument_parser.defaults.DefaultArgumentsDecorator object at 0x762437faf610>, verb_extension=<colcon_core.verb.build.BuildVerb object at 0x7624380d5180>, main=<bound method BuildVerb.main of <colcon_core.verb.build.BuildVerb object at 0x7624380d5180>>)
[0.134s] Level 1:colcon.colcon_core.package_discovery:discover_packages(colcon_meta) check parameters
[0.134s] Level 1:colcon.colcon_core.package_discovery:discover_packages(recursive) check parameters
[0.134s] Level 1:colcon.colcon_core.package_discovery:discover_packages(ignore) check parameters
[0.134s] Level 1:colcon.colcon_core.package_discovery:discover_packages(path) check parameters
[0.134s] Level 1:colcon.colcon_core.package_discovery:discover_packages(colcon_meta) discover
[0.134s] Level 1:colcon.colcon_core.package_discovery:discover_packages(recursive) discover
[0.134s] INFO:colcon.colcon_core.package_discovery:Crawling recursively for packages in '/home/pedroromero/telemetria_eracing/ros2_telemetria'
[0.134s] Level 1:colcon.colcon_core.package_identification:_identify(.) by extensions ['ignore', 'ignore_ament_install']
[0.135s] Level 1:colcon.colcon_core.package_identification:_identify(.) by extension 'ignore'
[0.135s] Level 1:colcon.colcon_core.package_identification:_identify(.) by extension 'ignore_ament_install'
[0.135s] Level 1:colcon.colcon_core.package_identification:_identify(.) by extensions ['colcon_pkg']
[0.135s] Level 1:colcon.colcon_core.package_identification:_identify(.) by extension 'colcon_pkg'
[0.135s] Level 1:colcon.colcon_core.package_identification:_identify(.) by extensions ['colcon_meta']
[0.135s] Level 1:colcon.colcon_core.package_identification:_identify(.) by extension 'colcon_meta'
[0.135s] Level 1:colcon.colcon_core.package_identification:_identify(.) by extensions ['ros']
[0.135s] Level 1:colcon.colcon_core.package_identification:_identify(.) by extension 'ros'
[0.142s] Level 1:colcon.colcon_core.package_identification:_identify(.) by extensions ['cmake', 'python']
[0.142s] Level 1:colcon.colcon_core.package_identification:_identify(.) by extension 'cmake'
[0.142s] Level 1:colcon.colcon_core.package_identification:_identify(.) by extension 'python'
[0.142s] Level 1:colcon.colcon_core.package_identification:_identify(.) by extensions ['python_setup_py']
[0.142s] Level 1:colcon.colcon_core.package_identification:_identify(.) by extension 'python_setup_py'
[0.142s] Level 1:colcon.colcon_core.package_identification:_identify(build) by extensions ['ignore', 'ignore_ament_install']
[0.142s] Level 1:colcon.colcon_core.package_identification:_identify(build) by extension 'ignore'
[0.142s] Level 1:colcon.colcon_core.package_identification:_identify(build) ignored
[0.142s] Level 1:colcon.colcon_core.package_identification:_identify(install) by extensions ['ignore', 'ignore_ament_install']
[0.142s] Level 1:colcon.colcon_core.package_identification:_identify(install) by extension 'ignore'
[0.142s] Level 1:colcon.colcon_core.package_identification:_identify(install) ignored
[0.142s] Level 1:colcon.colcon_core.package_identification:_identify(log) by extensions ['ignore', 'ignore_ament_install']
[0.142s] Level 1:colcon.colcon_core.package_identification:_identify(log) by extension 'ignore'
[0.142s] Level 1:colcon.colcon_core.package_identification:_identify(log) ignored
[0.142s] Level 1:colcon.colcon_core.package_identification:_identify(src) by extensions ['ignore', 'ignore_ament_install']
[0.142s] Level 1:colcon.colcon_core.package_identification:_identify(src) by extension 'ignore'
[0.142s] Level 1:colcon.colcon_core.package_identification:_identify(src) by extension 'ignore_ament_install'
[0.142s] Level 1:colcon.colcon_core.package_identification:_identify(src) by extensions ['colcon_pkg']
[0.142s] Level 1:colcon.colcon_core.package_identification:_identify(src) by extension 'colcon_pkg'
[0.142s] Level 1:colcon.colcon_core.package_identification:_identify(src) by extensions ['colcon_meta']
[0.142s] Level 1:colcon.colcon_core.package_identification:_identify(src) by extension 'colcon_meta'
[0.142s] Level 1:colcon.colcon_core.package_identification:_identify(src) by extensions ['ros']
[0.142s] Level 1:colcon.colcon_core.package_identification:_identify(src) by extension 'ros'
[0.142s] Level 1:colcon.colcon_core.package_identification:_identify(src) by extensions ['cmake', 'python']
[0.142s] Level 1:colcon.colcon_core.package_identification:_identify(src) by extension 'cmake'
[0.142s] Level 1:colcon.colcon_core.package_identification:_identify(src) by extension 'python'
[0.142s] Level 1:colcon.colcon_core.package_identification:_identify(src) by extensions ['python_setup_py']
[0.142s] Level 1:colcon.colcon_core.package_identification:_identify(src) by extension 'python_setup_py'
[0.142s] Level 1:colcon.colcon_core.package_identification:_identify(src/box_backend) by extensions ['ignore', 'ignore_ament_install']
[0.142s] Level 1:colcon.colcon_core.package_identification:_identify(src/box_backend) by extension 'ignore'
[0.142s] Level 1:colcon.colcon_core.package_identification:_identify(src/box_backend) by extension 'ignore_ament_install'
[0.142s] Level 1:colcon.colcon_core.package_identification:_identify(src/box_backend) by extensions ['colcon_pkg']
[0.142s] Level 1:colcon.colcon_core.package_identification:_identify(src/box_backend) by extension 'colcon_pkg'
[0.142s] Level 1:colcon.colcon_core.package_identification:_identify(src/box_backend) by extensions ['colcon_meta']
[0.142s] Level 1:colcon.colcon_core.package_identification:_identify(src/box_backend) by extension 'colcon_meta'
[0.142s] Level 1:colcon.colcon_core.package_identification:_identify(src/box_backend) by extensions ['ros']
[0.142s] Level 1:colcon.colcon_core.package_identification:_identify(src/box_backend) by extension 'ros'
[0.144s] DEBUG:colcon.colcon_core.package_identification:Package 'src/box_backend' with type 'ros.ament_python' and name 'box_backend'
[0.144s] Level 1:colcon.colcon_core.package_identification:_identify(src/box_frontend) by extensions ['ignore', 'ignore_ament_install']
[0.144s] Level 1:colcon.colcon_core.package_identification:_identify(src/box_frontend) by extension 'ignore'
[0.144s] Level 1:colcon.colcon_core.package_identification:_identify(src/box_frontend) by extension 'ignore_ament_install'
[0.144s] Level 1:colcon.colcon_core.package_identification:_identify(src/box_frontend) by extensions ['colcon_pkg']
[0.144s] Level 1:colcon.colcon_core.package_identification:_identify(src/box_frontend) by extension 'colcon_pkg'
[0.144s] Level 1:colcon.colcon_core.package_identification:_identify(src/box_frontend) by extensions ['colcon_meta']
[0.144s] Level 1:colcon.colcon_core.package_identification:_identify(src/box_frontend) by extension 'colcon_meta'
[0.144s] Level 1:colcon.colcon_core.package_identification:_identify(src/box_frontend) by extensions ['ros']
[0.144s] Level 1:colcon.colcon_core.package_identification:_identify(src/box_frontend) by extension 'ros'
[0.144s] DEBUG:colcon.colcon_core.package_identification:Package 'src/box_frontend' with type 'ros.ament_python' and name 'box_frontend'
[0.144s] Level 1:colcon.colcon_core.package_discovery:discover_packages(recursive) using defaults
[0.144s] Level 1:colcon.colcon_core.package_discovery:discover_packages(ignore) discover
[0.144s] Level 1:colcon.colcon_core.package_discovery:discover_packages(ignore) using defaults
[0.144s] Level 1:colcon.colcon_core.package_discovery:discover_packages(path) discover
[0.144s] Level 1:colcon.colcon_core.package_discovery:discover_packages(path) using defaults
[0.156s] Level 1:colcon.colcon_core.package_discovery:discover_packages(prefix_path) check parameters
[0.156s] Level 1:colcon.colcon_core.package_discovery:discover_packages(prefix_path) discover
[0.157s] DEBUG:colcon.colcon_installed_package_information.package_discovery:Found 2 installed packages in /home/pedroromero/telemetria_eracing/ros2_telemetria/install
[0.157s] DEBUG:colcon.colcon_installed_package_information.package_discovery:Found 271 installed packages in /opt/ros/humble
[0.158s] Level 1:colcon.colcon_core.package_discovery:discover_packages(prefix_path) using defaults
[0.183s] Level 5:colcon.colcon_core.verb:set package 'box_backend' build argument 'cmake_args' from command line to 'None'
[0.183s] Level 5:colcon.colcon_core.verb:set package 'box_backend' build argument 'cmake_target' from command line to 'None'
[0.183s] Level 5:colcon.colcon_core.verb:set package 'box_backend' build argument 'cmake_target_skip_unavailable' from command line to 'False'
[0.183s] Level 5:colcon.colcon_core.verb:set package 'box_backend' build argument 'cmake_clean_cache' from command line to 'False'
[0.183s] Level 5:colcon.colcon_core.verb:set package 'box_backend' build argument 'cmake_clean_first' from command line to 'False'
[0.183s] Level 5:colcon.colcon_core.verb:set package 'box_backend' build argument 'cmake_force_configure' from command line to 'False'
[0.183s] Level 5:colcon.colcon_core.verb:set package 'box_backend' build argument 'ament_cmake_args' from command line to 'None'
[0.183s] Level 5:colcon.colcon_core.verb:set package 'box_backend' build argument 'catkin_cmake_args' from command line to 'None'
[0.183s] Level 5:colcon.colcon_core.verb:set package 'box_backend' build argument 'catkin_skip_building_tests' from command line to 'False'
[0.183s] DEBUG:colcon.colcon_core.verb:Building package 'box_backend' with the following arguments: {'ament_cmake_args': None, 'build_base': '/home/pedroromero/telemetria_eracing/ros2_telemetria/build/box_backend', 'catkin_cmake_args': None, 'catkin_skip_building_tests': False, 'cmake_args': None, 'cmake_clean_cache': False, 'cmake_clean_first': False, 'cmake_force_configure': False, 'cmake_target': None, 'cmake_target_skip_unavailable': False, 'install_base': '/home/pedroromero/telemetria_eracing/ros2_telemetria/install/box_backend', 'merge_install': False, 'path': '/home/pedroromero/telemetria_eracing/ros2_telemetria/src/box_backend', 'symlink_install': False, 'test_result_base': None}
[0.183s] Level 5:colcon.colcon_core.verb:set package 'box_frontend' build argument 'cmake_args' from command line to 'None'
[0.183s] Level 5:colcon.colcon_core.verb:set package 'box_frontend' build argument 'cmake_target' from command line to 'None'
[0.183s] Level 5:colcon.colcon_core.verb:set package 'box_frontend' build argument 'cmake_target_skip_unavailable' from command line to 'False'
[0.183s] Level 5:colcon.colcon_core.verb:set package 'box_frontend' build argument 'cmake_clean_cache' from command line to 'False'
[0.183s] Level 5:colcon.colcon_core.verb:set package 'box_frontend' build argument 'cmake_clean_first' from command line to 'False'
[0.183s] Level 5:colcon.colcon_core.verb:set package 'box_frontend' build argument 'cmake_force_configure' from command line to 'False'
[0.183s] Level 5:colcon.colcon_core.verb:set package 'box_frontend' build argument 'ament_cmake_args' from command line to 'None'
[0.183s] Level 5:colcon.colcon_core.verb:set package 'box_frontend' build argument 'catkin_cmake_args' from command line to 'None'
[0.183s] Level 5:colcon.colcon_core.verb:set package 'box_frontend' build argument 'catkin_skip_building_tests' from command line to 'False'
[0.184s] DEBUG:colcon.colcon_core.verb:Building package 'box_frontend' with the following arguments: {'ament_cmake_args': None, 'build_base': '/home/pedroromero/telemetria_eracing/ros2_telemetria/build/box_frontend', 'catkin_cmake_args': None, 'catkin_skip_building_tests': False, 'cmake_args': None, 'cmake_clean_cache': False, 'cmake_clean_first': False, 'cmake_force_configure': False, 'cmake_target': None, 'cmake_target_skip_unavailable': False, 'install_base': '/home/pedroromero/telemetria_eracing/ros2_telemetria/install/box_frontend', 'merge_install': False, 'path': '/home/pedroromero/telemetria_eracing/ros2_telemetria/src/box_frontend', 'symlink_install': False, 'test_result_base': None}
[0.184s] INFO:colcon.colcon_core.executor:Executing jobs using 'parallel' executor
[0.184s] DEBUG:colcon.colcon_parallel_executor.executor.parallel:run_until_complete
[0.184s] INFO:colcon.colcon_ros.task.ament_python.build:Building ROS package in '/home/pedroromero/telemetria_eracing/ros2_telemetria/src/box_backend' with build type 'ament_python'
[0.185s] Level 1:colcon.colcon_core.shell:create_environment_hook('box_backend', 'ament_prefix_path')
[0.186s] INFO:colcon.colcon_core.plugin_system:Skipping extension 'colcon_core.shell.bat': Not used on non-Windows systems
[0.186s] INFO:colcon.colcon_core.shell:Creating environment hook '/home/pedroromero/telemetria_eracing/ros2_telemetria/install/box_backend/share/box_backend/hook/ament_prefix_path.ps1'
[0.186s] INFO:colcon.colcon_core.shell:Creating environment descriptor '/home/pedroromero/telemetria_eracing/ros2_telemetria/install/box_backend/share/box_backend/hook/ament_prefix_path.dsv'
[0.186s] INFO:colcon.colcon_core.shell:Creating environment hook '/home/pedroromero/telemetria_eracing/ros2_telemetria/install/box_backend/share/box_backend/hook/ament_prefix_path.sh'
[0.187s] INFO:colcon.colcon_core.shell:Skip shell extension 'powershell' for command environment: Not usable outside of PowerShell
[0.187s] DEBUG:colcon.colcon_core.shell:Skip shell extension 'dsv' for command environment
[0.188s] INFO:colcon.colcon_ros.task.ament_python.build:Building ROS package in '/home/pedroromero/telemetria_eracing/ros2_telemetria/src/box_frontend' with build type 'ament_python'
[0.188s] Level 1:colcon.colcon_core.shell:create_environment_hook('box_frontend', 'ament_prefix_path')
[0.188s] INFO:colcon.colcon_core.shell:Creating environment hook '/home/pedroromero/telemetria_eracing/ros2_telemetria/install/box_frontend/share/box_frontend/hook/ament_prefix_path.ps1'
[0.189s] INFO:colcon.colcon_core.shell:Creating environment descriptor '/home/pedroromero/telemetria_eracing/ros2_telemetria/install/box_frontend/share/box_frontend/hook/ament_prefix_path.dsv'
[0.189s] INFO:colcon.colcon_core.shell:Creating environment hook '/home/pedroromero/telemetria_eracing/ros2_telemetria/install/box_frontend/share/box_frontend/hook/ament_prefix_path.sh'
[0.189s] INFO:colcon.colcon_core.shell:Skip shell extension 'powershell' for command environment: Not usable outside of PowerShell
[0.189s] DEBUG:colcon.colcon_core.shell:Skip shell extension 'dsv' for command environment
[0.317s] INFO:colcon.colcon_core.task.python.build:Building Python package in '/home/pedroromero/telemetria_eracing/ros2_telemetria/src/box_backend'
[0.318s] INFO:colcon.colcon_core.shell:Skip shell extension 'powershell' for command environment: Not usable outside of PowerShell
[0.318s] DEBUG:colcon.colcon_core.shell:Skip shell extension 'dsv' for command environment
[0.449s] INFO:colcon.colcon_core.task.python.build:Building Python package in '/home/pedroromero/telemetria_eracing/ros2_telemetria/src/box_frontend'
[0.449s] INFO:colcon.colcon_core.shell:Skip shell extension 'powershell' for command environment: Not usable outside of PowerShell
[0.449s] DEBUG:colcon.colcon_core.shell:Skip shell extension 'dsv' for command environment
[0.639s] DEBUG:colcon.colcon_core.event_handler.log_command:Invoking command in '/home/pedroromero/telemetria_eracing/ros2_telemetria/src/box_frontend': PYTHONPATH=/home/pedroromero/telemetria_eracing/ros2_telemetria/build/box_frontend/prefix_override:/usr/lib/python3/dist-packages/colcon_core/task/python/colcon_distutils_commands:/home/pedroromero/telemetria_eracing/ros2_telemetria/install/box_frontend/lib/python3.10/site-packages:${PYTHONPATH} /usr/bin/python3 -W ignore:setup.py install is deprecated -W ignore:easy_install command is deprecated setup.py egg_info --egg-base ../../build/box_frontend build --build-base /home/pedroromero/telemetria_eracing/ros2_telemetria/build/box_frontend/build install --record /home/pedroromero/telemetria_eracing/ros2_telemetria/build/box_frontend/install.log --single-version-externally-managed install_data
[0.642s] DEBUG:colcon.colcon_core.event_handler.log_command:Invoking command in '/home/pedroromero/telemetria_eracing/ros2_telemetria/src/box_backend': PYTHONPATH=/home/pedroromero/telemetria_eracing/ros2_telemetria/build/box_backend/prefix_override:/usr/lib/python3/dist-packages/colcon_core/task/python/colcon_distutils_commands:/home/pedroromero/telemetria_eracing/ros2_telemetria/install/box_backend/lib/python3.10/site-packages:${PYTHONPATH} /usr/bin/python3 -W ignore:setup.py install is deprecated -W ignore:easy_install command is deprecated setup.py egg_info --egg-base ../../build/box_backend build --build-base /home/pedroromero/telemetria_eracing/ros2_telemetria/build/box_backend/build install --record /home/pedroromero/telemetria_eracing/ros2_telemetria/build/box_backend/install.log --single-version-externally-managed install_data
[0.798s] DEBUG:colcon.colcon_core.event_handler.log_command:Invoked command in '/home/pedroromero/telemetria_eracing/ros2_telemetria/src/box_frontend' returned '0': PYTHONPATH=/home/pedroromero/telemetria_eracing/ros2_telemetria/build/box_frontend/prefix_override:/usr/lib/python3/dist-packages/colcon_core/task/python/colcon_distutils_commands:/home/pedroromero/telemetria_eracing/ros2_telemetria/install/box_frontend/lib/python3.10/site-packages:${PYTHONPATH} /usr/bin/python3 -W ignore:setup.py install is deprecated -W ignore:easy_install command is deprecated setup.py egg_info --egg-base ../../build/box_frontend build --build-base /home/pedroromero/telemetria_eracing/ros2_telemetria/build/box_frontend/build install --record /home/pedroromero/telemetria_eracing/ros2_telemetria/build/box_frontend/install.log --single-version-externally-managed install_data
[0.802s] Level 1:colcon.colcon_core.environment:checking '/home/pedroromero/telemetria_eracing/ros2_telemetria/install/box_frontend' for CMake module files
[0.802s] Level 1:colcon.colcon_core.environment:checking '/home/pedroromero/telemetria_eracing/ros2_telemetria/install/box_frontend' for CMake config files
[0.803s] Level 1:colcon.colcon_core.environment:checking '/home/pedroromero/telemetria_eracing/ros2_telemetria/install/box_frontend/lib'
[0.803s] Level 1:colcon.colcon_core.environment:checking '/home/pedroromero/telemetria_eracing/ros2_telemetria/install/box_frontend/bin'
[0.803s] Level 1:colcon.colcon_core.environment:checking '/home/pedroromero/telemetria_eracing/ros2_telemetria/install/box_frontend/lib/pkgconfig/box_frontend.pc'
[0.804s] Level 1:colcon.colcon_core.environment:checking '/home/pedroromero/telemetria_eracing/ros2_telemetria/install/box_frontend/lib/python3.10/site-packages'
[0.804s] Level 1:colcon.colcon_core.shell:create_environment_hook('box_frontend', 'pythonpath')
[0.804s] INFO:colcon.colcon_core.shell:Creating environment hook '/home/pedroromero/telemetria_eracing/ros2_telemetria/install/box_frontend/share/box_frontend/hook/pythonpath.ps1'
[0.804s] INFO:colcon.colcon_core.shell:Creating environment descriptor '/home/pedroromero/telemetria_eracing/ros2_telemetria/install/box_frontend/share/box_frontend/hook/pythonpath.dsv'
[0.805s] INFO:colcon.colcon_core.shell:Creating environment hook '/home/pedroromero/telemetria_eracing/ros2_telemetria/install/box_frontend/share/box_frontend/hook/pythonpath.sh'
[0.805s] Level 1:colcon.colcon_core.environment:checking '/home/pedroromero/telemetria_eracing/ros2_telemetria/install/box_frontend/bin'
[0.805s] Level 1:colcon.colcon_core.environment:create_environment_scripts_only(box_frontend)
[0.805s] INFO:colcon.colcon_core.shell:Creating package script '/home/pedroromero/telemetria_eracing/ros2_telemetria/install/box_frontend/share/box_frontend/package.ps1'
[0.806s] INFO:colcon.colcon_core.shell:Creating package descriptor '/home/pedroromero/telemetria_eracing/ros2_telemetria/install/box_frontend/share/box_frontend/package.dsv'
[0.807s] INFO:colcon.colcon_core.shell:Creating package script '/home/pedroromero/telemetria_eracing/ros2_telemetria/install/box_frontend/share/box_frontend/package.sh'
[0.808s] INFO:colcon.colcon_core.shell:Creating package script '/home/pedroromero/telemetria_eracing/ros2_telemetria/install/box_frontend/share/box_frontend/package.bash'
[0.808s] INFO:colcon.colcon_core.shell:Creating package script '/home/pedroromero/telemetria_eracing/ros2_telemetria/install/box_frontend/share/box_frontend/package.zsh'
[0.809s] Level 1:colcon.colcon_core.environment:create_file_with_runtime_dependencies(/home/pedroromero/telemetria_eracing/ros2_telemetria/install/box_frontend/share/colcon-core/packages/box_frontend)
[0.809s] Level 1:colcon.colcon_core.environment:checking '/home/pedroromero/telemetria_eracing/ros2_telemetria/install/box_backend' for CMake module files
[0.810s] Level 1:colcon.colcon_core.environment:checking '/home/pedroromero/telemetria_eracing/ros2_telemetria/install/box_backend' for CMake config files
[0.810s] DEBUG:colcon.colcon_core.event_handler.log_command:Invoked command in '/home/pedroromero/telemetria_eracing/ros2_telemetria/src/box_backend' returned '0': PYTHONPATH=/home/pedroromero/telemetria_eracing/ros2_telemetria/build/box_backend/prefix_override:/usr/lib/python3/dist-packages/colcon_core/task/python/colcon_distutils_commands:/home/pedroromero/telemetria_eracing/ros2_telemetria/install/box_backend/lib/python3.10/site-packages:${PYTHONPATH} /usr/bin/python3 -W ignore:setup.py install is deprecated -W ignore:easy_install command is deprecated setup.py egg_info --egg-base ../../build/box_backend build --build-base /home/pedroromero/telemetria_eracing/ros2_telemetria/build/box_backend/build install --record /home/pedroromero/telemetria_eracing/ros2_telemetria/build/box_backend/install.log --single-version-externally-managed install_data
[0.810s] Level 1:colcon.colcon_core.environment:checking '/home/pedroromero/telemetria_eracing/ros2_telemetria/install/box_backend/lib'
[0.811s] Level 1:colcon.colcon_core.environment:checking '/home/pedroromero/telemetria_eracing/ros2_telemetria/install/box_backend/bin'
[0.811s] Level 1:colcon.colcon_core.environment:checking '/home/pedroromero/telemetria_eracing/ros2_telemetria/install/box_backend/lib/pkgconfig/box_backend.pc'
[0.811s] Level 1:colcon.colcon_core.environment:checking '/home/pedroromero/telemetria_eracing/ros2_telemetria/install/box_backend/lib/python3.10/site-packages'
[0.811s] Level 1:colcon.colcon_core.shell:create_environment_hook('box_backend', 'pythonpath')
[0.811s] INFO:colcon.colcon_core.shell:Creating environment hook '/home/pedroromero/telemetria_eracing/ros2_telemetria/install/box_backend/share/box_backend/hook/pythonpath.ps1'
[0.811s] INFO:colcon.colcon_core.shell:Creating environment descriptor '/home/pedroromero/telemetria_eracing/ros2_telemetria/install/box_backend/share/box_backend/hook/pythonpath.dsv'
[0.811s] INFO:colcon.colcon_core.shell:Creating environment hook '/home/pedroromero/telemetria_eracing/ros2_telemetria/install/box_backend/share/box_backend/hook/pythonpath.sh'
[0.811s] Level 1:colcon.colcon_core.environment:checking '/home/pedroromero/telemetria_eracing/ros2_telemetria/install/box_backend/bin'
[0.812s] Level 1:colcon.colcon_core.environment:create_environment_scripts_only(box_backend)
[0.812s] INFO:colcon.colcon_core.shell:Creating package script '/home/pedroromero/telemetria_eracing/ros2_telemetria/install/box_backend/share/box_backend/package.ps1'
[0.812s] INFO:colcon.colcon_core.shell:Creating package descriptor '/home/pedroromero/telemetria_eracing/ros2_telemetria/install/box_backend/share/box_backend/package.dsv'
[0.812s] INFO:colcon.colcon_core.shell:Creating package script '/home/pedroromero/telemetria_eracing/ros2_telemetria/install/box_backend/share/box_backend/package.sh'
[0.812s] INFO:colcon.colcon_core.shell:Creating package script '/home/pedroromero/telemetria_eracing/ros2_telemetria/install/box_backend/share/box_backend/package.bash'
[0.813s] INFO:colcon.colcon_core.shell:Creating package script '/home/pedroromero/telemetria_eracing/ros2_telemetria/install/box_backend/share/box_backend/package.zsh'
[0.813s] Level 1:colcon.colcon_core.environment:create_file_with_runtime_dependencies(/home/pedroromero/telemetria_eracing/ros2_telemetria/install/box_backend/share/colcon-core/packages/box_backend)
[0.813s] DEBUG:colcon.colcon_parallel_executor.executor.parallel:closing loop
[0.813s] DEBUG:colcon.colcon_parallel_executor.executor.parallel:loop closed
[0.813s] DEBUG:colcon.colcon_parallel_executor.executor.parallel:run_until_complete finished with '0'
[0.813s] DEBUG:colcon.colcon_core.event_reactor:joining thread
[0.820s] INFO:colcon.colcon_core.plugin_system:Skipping extension 'colcon_notification.desktop_notification.terminal_notifier': Not used on non-Darwin systems
[0.820s] INFO:colcon.colcon_core.plugin_system:Skipping extension 'colcon_notification.desktop_notification.win32': Not used on non-Windows systems
[0.820s] INFO:colcon.colcon_notification.desktop_notification:Sending desktop notification using 'notify2'
[0.831s] DEBUG:colcon.colcon_core.event_reactor:joined thread
[0.831s] INFO:colcon.colcon_core.shell:Creating prefix script '/home/pedroromero/telemetria_eracing/ros2_telemetria/install/local_setup.ps1'
[0.833s] INFO:colcon.colcon_core.shell:Creating prefix util module '/home/pedroromero/telemetria_eracing/ros2_telemetria/install/_local_setup_util_ps1.py'
[0.834s] INFO:colcon.colcon_core.shell:Creating prefix chain script '/home/pedroromero/telemetria_eracing/ros2_telemetria/install/setup.ps1'
[0.835s] INFO:colcon.colcon_core.shell:Creating prefix script '/home/pedroromero/telemetria_eracing/ros2_telemetria/install/local_setup.sh'
[0.835s] INFO:colcon.colcon_core.shell:Creating prefix util module '/home/pedroromero/telemetria_eracing/ros2_telemetria/install/_local_setup_util_sh.py'
[0.835s] INFO:colcon.colcon_core.shell:Creating prefix chain script '/home/pedroromero/telemetria_eracing/ros2_telemetria/install/setup.sh'
[0.836s] INFO:colcon.colcon_core.shell:Creating prefix script '/home/pedroromero/telemetria_eracing/ros2_telemetria/install/local_setup.bash'
[0.836s] INFO:colcon.colcon_core.shell:Creating prefix chain script '/home/pedroromero/telemetria_eracing/ros2_telemetria/install/setup.bash'
[0.837s] INFO:colcon.colcon_core.shell:Creating prefix script '/home/pedroromero/telemetria_eracing/ros2_telemetria/install/local_setup.zsh'
[0.837s] INFO:colcon.colcon_core.shell:Creating prefix chain script '/home/pedroromero/telemetria_eracing/ros2_telemetria/install/setup.zsh'
