[0.453s] Invoking command in '/home/pedroromero/telemetria_eracing/ros2_telemetria/src/box_backend': PYTHONPATH=/home/pedroromero/telemetria_eracing/ros2_telemetria/build/box_backend/prefix_override:/usr/lib/python3/dist-packages/colcon_core/task/python/colcon_distutils_commands:/home/pedroromero/telemetria_eracing/ros2_telemetria/install/box_backend/lib/python3.10/site-packages:${PYTHONPATH} /usr/bin/python3 -W ignore:setup.py install is deprecated -W ignore:easy_install command is deprecated setup.py egg_info --egg-base ../../build/box_backend build --build-base /home/pedroromero/telemetria_eracing/ros2_telemetria/build/box_backend/build install --record /home/pedroromero/telemetria_eracing/ros2_telemetria/build/box_backend/install.log --single-version-externally-managed install_data
[0.572s] running egg_info
[0.573s] writing ../../build/box_backend/box_backend.egg-info/PKG-INFO
[0.573s] writing dependency_links to ../../build/box_backend/box_backend.egg-info/dependency_links.txt
[0.573s] writing entry points to ../../build/box_backend/box_backend.egg-info/entry_points.txt
[0.573s] writing requirements to ../../build/box_backend/box_backend.egg-info/requires.txt
[0.573s] writing top-level names to ../../build/box_backend/box_backend.egg-info/top_level.txt
[0.574s] reading manifest file '../../build/box_backend/box_backend.egg-info/SOURCES.txt'
[0.575s] writing manifest file '../../build/box_backend/box_backend.egg-info/SOURCES.txt'
[0.575s] running build
[0.575s] running build_py
[0.575s] copying box_backend/box_backend.py -> /home/pedroromero/telemetria_eracing/ros2_telemetria/build/box_backend/build/lib/box_backend
[0.575s] running install
[0.575s] running install_lib
[0.575s] copying /home/pedroromero/telemetria_eracing/ros2_telemetria/build/box_backend/build/lib/box_backend/box_backend.py -> /home/pedroromero/telemetria_eracing/ros2_telemetria/install/box_backend/lib/python3.10/site-packages/box_backend
[0.575s] byte-compiling /home/pedroromero/telemetria_eracing/ros2_telemetria/install/box_backend/lib/python3.10/site-packages/box_backend/box_backend.py to box_backend.cpython-310.pyc
[0.577s] running install_data
[0.577s] running install_egg_info
[0.578s] removing '/home/pedroromero/telemetria_eracing/ros2_telemetria/install/box_backend/lib/python3.10/site-packages/box_backend-0.0.0-py3.10.egg-info' (and everything under it)
[0.578s] Copying ../../build/box_backend/box_backend.egg-info to /home/pedroromero/telemetria_eracing/ros2_telemetria/install/box_backend/lib/python3.10/site-packages/box_backend-0.0.0-py3.10.egg-info
[0.578s] running install_scripts
[0.591s] Installing box_backend script to /home/pedroromero/telemetria_eracing/ros2_telemetria/install/box_backend/lib/box_backend
[0.592s] writing list of installed files to '/home/pedroromero/telemetria_eracing/ros2_telemetria/build/box_backend/install.log'
[0.607s] Invoked command in '/home/pedroromero/telemetria_eracing/ros2_telemetria/src/box_backend' returned '0': PYTHONPATH=/home/pedroromero/telemetria_eracing/ros2_telemetria/build/box_backend/prefix_override:/usr/lib/python3/dist-packages/colcon_core/task/python/colcon_distutils_commands:/home/pedroromero/telemetria_eracing/ros2_telemetria/install/box_backend/lib/python3.10/site-packages:${PYTHONPATH} /usr/bin/python3 -W ignore:setup.py install is deprecated -W ignore:easy_install command is deprecated setup.py egg_info --egg-base ../../build/box_backend build --build-base /home/pedroromero/telemetria_eracing/ros2_telemetria/build/box_backend/build install --record /home/pedroromero/telemetria_eracing/ros2_telemetria/build/box_backend/install.log --single-version-externally-managed install_data
